<?xml version="1.0" encoding="UTF-8"?>
<!-- Generated by org.testng.reporters.JUnitXMLReporter -->
<testsuite hostname="ULVMCTMUFT103" name="DC to DC Order completion" tests="2" failures="2" timestamp="22 Oct 2018 13:00:38 GMT" time="610.932" errors="0">
  <testcase name="LoginonNetCreacker" time="0.343" classname="Testscript.Login">
    <failure type="java.lang.NullPointerException">
      <![CDATA[java.lang.NullPointerException
	at ScriptHelper.LoginHelper.Login(LoginHelper.java:31)
	at Testscript.Login.LoginonNetCreacker(Login.java:13)
... Removed 24 stack frames]]>
    </failure>
  </testcase> <!-- LoginonNetCreacker -->
  <testcase name="LoginonNetCreacker" time="606.54" classname="Testscript.Login">
    <failure type="java.lang.NullPointerException">
      <![CDATA[java.lang.NullPointerException
	at Listeners.TestListener.onTestFailure(TestListener.java:67)
... Removed 21 stack frames]]>
    </failure>
  </testcase> <!-- LoginonNetCreacker -->
</testsuite> <!-- DC to DC Order completion -->
