<?xml version="1.0" encoding="UTF-8"?>
<!-- Generated by org.testng.reporters.JUnitXMLReporter -->
<testsuite hostname="ULVMCTMUFT103" name="Ethernet Point to Point Order New Orders" tests="5" failures="0" timestamp="22 Oct 2018 19:19:58 GMT" time="206.986" errors="0">
  <testcase name="LoginonNetCreacker" time="16.587" classname="Testscript.Login"/>
  <testcase name="NavigatetoDocument" time="2.412" classname="Testscript.AccountNavigation"/>
  <testcase name="NavigatetoAccount" time="14.67" classname="Testscript.AccountNavigation"/>
  <testcase name="CreateAndProcess" time="64.091" classname="Testscript.CreateCompositOrder"/>
  <testcase name="CreateAndProcess" time="59.935" classname="Testscript.CreateCompositOrder"/>
</testsuite> <!-- Ethernet Point to Point Order New Orders -->
